[info]device created from meta data:なごやか亭 運動公園通店_meta
[info]data received from data node:なごやか亭 運動公園通店_data
[info]device created from meta data:24時間降水量-京田辺_meta
[info]device created from meta data:無添くら寿司 - 北上尾店_meta
[info]data received from data node:24時間降水量-京田辺_data
[info]data received from data node:無添くら寿司 - 北上尾店_data
[info]device created from meta data:無添くら寿司 - 横浜磯子店_meta
[info]data received from data node:無添くら寿司 - 横浜磯子店_data
[info]device created from meta data:そらまめ君脇町_meta
[info]data received from data node:そらまめ君脇町_data
[info]device created from meta data:宮内駅の家賃相場_meta
[info]device created from meta data:24時間降水量-須佐_meta
[info]device created from meta data:そらまめ君丹原_meta
[info]data received from data node:宮内駅の家賃相場_data
[info]data received from data node:24時間降水量-須佐_data
[info]data received from data node:そらまめ君丹原_data
[info]device created from meta data:ベルパエーゼ　上尾店_meta
[info]device created from meta data:QBハウスビーンズアカバネビーンズ赤羽店_meta
[info]data received from data node:QBハウスビーンズアカバネビーンズ赤羽店_data
[info]device created from meta data:そらまめ君瀬谷区南瀬谷小学校_meta
[info]data received from data node:そらまめ君瀬谷区南瀬谷小学校_data
[info]device created from meta data:なごやか亭 運動公園通店_meta
[info]data received from data node:なごやか亭 運動公園通店_data
[info]device created from meta data:24時間降水量-京田辺_meta
[info]device created from meta data:無添くら寿司 - 北上尾店_meta
[info]data received from data node:24時間降水量-京田辺_data
[info]data received from data node:無添くら寿司 - 北上尾店_data
[info]device created from meta data:無添くら寿司 - 横浜磯子店_meta
[info]data received from data node:無添くら寿司 - 横浜磯子店_data
[info]device created from meta data:そらまめ君脇町_meta
[info]data received from data node:そらまめ君脇町_data
[info]device created from meta data:宮内駅の家賃相場_meta
[info]device created from meta data:24時間降水量-須佐_meta
[info]device created from meta data:そらまめ君丹原_meta
[info]data received from data node:宮内駅の家賃相場_data
[info]data received from data node:24時間降水量-須佐_data
[info]data received from data node:そらまめ君丹原_data
[info]device created from meta data:ベルパエーゼ　上尾店_meta
[info]device created from meta data:QBハウスビーンズアカバネビーンズ赤羽店_meta
[info]data received from data node:ベルパエーゼ　上尾店_data
[info]device created from meta data:そらまめ君瀬谷区南瀬谷小学校_meta
[info]data received from data node:QBハウスビーンズアカバネビーンズ赤羽店_data
[info]data received from data node:そらまめ君瀬谷区南瀬谷小学校_data
[info]data received from data node:そらまめ君脇町_data
[info]data received from data node:24時間降水量-須佐_data
[info]data received from data node:24時間降水量-京田辺_data
[info]data received from data node:24時間降水量-須佐_data
[info]data received from data node:24時間降水量-京田辺_data
[info]data received from data node:24時間降水量-須佐_data
[info]data received from data node:24時間降水量-京田辺_data
[info]data received from data node:24時間降水量-須佐_data
[info]data received from data node:24時間降水量-京田辺_data
